INFO [2025-01-21 13:02:07] $x
INFO [2025-01-21 13:02:07] list(A = A, B = B)
INFO [2025-01-21 13:02:07] 
INFO [2025-01-21 13:02:07] $category.names
INFO [2025-01-21 13:02:07] c("A", "B")
INFO [2025-01-21 13:02:07] 
INFO [2025-01-21 13:02:07] $filename
INFO [2025-01-21 13:02:07] filename
INFO [2025-01-21 13:02:07] 
INFO [2025-01-21 13:02:07] $output
INFO [2025-01-21 13:02:07] [1] TRUE
INFO [2025-01-21 13:02:07] 
INFO [2025-01-21 13:02:07] $imagetype
INFO [2025-01-21 13:02:07] [1] "png"
INFO [2025-01-21 13:02:07] 
INFO [2025-01-21 13:02:07] $height
INFO [2025-01-21 13:02:07] [1] 300
INFO [2025-01-21 13:02:07] 
INFO [2025-01-21 13:02:07] $width
INFO [2025-01-21 13:02:07] [1] 300
INFO [2025-01-21 13:02:07] 
INFO [2025-01-21 13:02:07] $resolution
INFO [2025-01-21 13:02:07] [1] 300
INFO [2025-01-21 13:02:07] 
INFO [2025-01-21 13:02:07] $lwd
INFO [2025-01-21 13:02:07] [1] 2
INFO [2025-01-21 13:02:07] 
INFO [2025-01-21 13:02:07] $col
INFO [2025-01-21 13:02:07] [1] "black"
INFO [2025-01-21 13:02:07] 
INFO [2025-01-21 13:02:07] $fill
INFO [2025-01-21 13:02:07] c("red", "blue")
INFO [2025-01-21 13:02:07] 
INFO [2025-01-21 13:02:07] $alpha
INFO [2025-01-21 13:02:07] [1] 0.5
INFO [2025-01-21 13:02:07] 
INFO [2025-01-21 13:02:07] $label.col
INFO [2025-01-21 13:02:07] [1] "white"
INFO [2025-01-21 13:02:07] 
INFO [2025-01-21 13:02:07] $cex
INFO [2025-01-21 13:02:07] [1] 1.5
INFO [2025-01-21 13:02:07] 
INFO [2025-01-21 13:02:07] $fontface
INFO [2025-01-21 13:02:07] [1] "bold"
INFO [2025-01-21 13:02:07] 
INFO [2025-01-21 13:02:07] $fontfamily
INFO [2025-01-21 13:02:07] [1] "sans"
INFO [2025-01-21 13:02:07] 
INFO [2025-01-21 13:02:07] $cat.col
INFO [2025-01-21 13:02:07] c("red", "blue")
INFO [2025-01-21 13:02:07] 
INFO [2025-01-21 13:02:07] $cat.cex
INFO [2025-01-21 13:02:07] [1] 1.5
INFO [2025-01-21 13:02:07] 
INFO [2025-01-21 13:02:07] $cat.fontface
INFO [2025-01-21 13:02:07] [1] "bold"
INFO [2025-01-21 13:02:07] 
INFO [2025-01-21 13:02:07] $cat.fontfamily
INFO [2025-01-21 13:02:07] [1] "sans"
INFO [2025-01-21 13:02:07] 
INFO [2025-01-21 13:02:07] $cat.pos
INFO [2025-01-21 13:02:07] [1] 0
INFO [2025-01-21 13:02:07] 
INFO [2025-01-21 13:02:07] $cat.dist
INFO [2025-01-21 13:02:07] [1] 0.05
INFO [2025-01-21 13:02:07] 
INFO [2025-01-21 13:02:07] $rotation.degree
INFO [2025-01-21 13:02:07] [1] 0
INFO [2025-01-21 13:02:07] 
INFO [2025-01-21 13:02:07] $margin
INFO [2025-01-21 13:02:07] [1] 0.1
INFO [2025-01-21 13:02:07] 
