INFO [2025-01-21 13:02:10] $x
INFO [2025-01-21 13:02:10] list(A = A, B = B)
INFO [2025-01-21 13:02:10] 
INFO [2025-01-21 13:02:10] $category.names
INFO [2025-01-21 13:02:10] c("A", "B")
INFO [2025-01-21 13:02:10] 
INFO [2025-01-21 13:02:10] $filename
INFO [2025-01-21 13:02:10] filename
INFO [2025-01-21 13:02:10] 
INFO [2025-01-21 13:02:10] $output
INFO [2025-01-21 13:02:10] [1] TRUE
INFO [2025-01-21 13:02:10] 
INFO [2025-01-21 13:02:10] $imagetype
INFO [2025-01-21 13:02:10] [1] "png"
INFO [2025-01-21 13:02:10] 
INFO [2025-01-21 13:02:10] $height
INFO [2025-01-21 13:02:10] [1] 300
INFO [2025-01-21 13:02:10] 
INFO [2025-01-21 13:02:10] $width
INFO [2025-01-21 13:02:10] [1] 300
INFO [2025-01-21 13:02:10] 
INFO [2025-01-21 13:02:10] $resolution
INFO [2025-01-21 13:02:10] [1] 300
INFO [2025-01-21 13:02:10] 
INFO [2025-01-21 13:02:10] $lwd
INFO [2025-01-21 13:02:10] [1] 2
INFO [2025-01-21 13:02:10] 
INFO [2025-01-21 13:02:10] $col
INFO [2025-01-21 13:02:10] [1] "black"
INFO [2025-01-21 13:02:10] 
INFO [2025-01-21 13:02:10] $fill
INFO [2025-01-21 13:02:10] c("red", "blue")
INFO [2025-01-21 13:02:10] 
INFO [2025-01-21 13:02:10] $alpha
INFO [2025-01-21 13:02:10] [1] 0.5
INFO [2025-01-21 13:02:10] 
INFO [2025-01-21 13:02:10] $label.col
INFO [2025-01-21 13:02:10] [1] "white"
INFO [2025-01-21 13:02:10] 
INFO [2025-01-21 13:02:10] $cex
INFO [2025-01-21 13:02:10] [1] 1.5
INFO [2025-01-21 13:02:10] 
INFO [2025-01-21 13:02:10] $fontface
INFO [2025-01-21 13:02:10] [1] "bold"
INFO [2025-01-21 13:02:10] 
INFO [2025-01-21 13:02:10] $fontfamily
INFO [2025-01-21 13:02:10] [1] "sans"
INFO [2025-01-21 13:02:10] 
INFO [2025-01-21 13:02:10] $cat.col
INFO [2025-01-21 13:02:10] c("red", "blue")
INFO [2025-01-21 13:02:10] 
INFO [2025-01-21 13:02:10] $cat.cex
INFO [2025-01-21 13:02:10] [1] 1.5
INFO [2025-01-21 13:02:10] 
INFO [2025-01-21 13:02:10] $cat.fontface
INFO [2025-01-21 13:02:10] [1] "bold"
INFO [2025-01-21 13:02:10] 
INFO [2025-01-21 13:02:10] $cat.fontfamily
INFO [2025-01-21 13:02:10] [1] "sans"
INFO [2025-01-21 13:02:10] 
INFO [2025-01-21 13:02:10] $cat.pos
INFO [2025-01-21 13:02:10] [1] 0
INFO [2025-01-21 13:02:10] 
INFO [2025-01-21 13:02:10] $cat.dist
INFO [2025-01-21 13:02:10] [1] 0.05
INFO [2025-01-21 13:02:10] 
INFO [2025-01-21 13:02:10] $rotation.degree
INFO [2025-01-21 13:02:10] [1] 0
INFO [2025-01-21 13:02:10] 
INFO [2025-01-21 13:02:10] $margin
INFO [2025-01-21 13:02:10] [1] 0.1
INFO [2025-01-21 13:02:10] 
