INFO [2025-01-21 13:02:08] $x
INFO [2025-01-21 13:02:08] list(A = A, B = B)
INFO [2025-01-21 13:02:08] 
INFO [2025-01-21 13:02:08] $category.names
INFO [2025-01-21 13:02:08] c("A", "B")
INFO [2025-01-21 13:02:08] 
INFO [2025-01-21 13:02:08] $filename
INFO [2025-01-21 13:02:08] filename
INFO [2025-01-21 13:02:08] 
INFO [2025-01-21 13:02:08] $output
INFO [2025-01-21 13:02:08] [1] TRUE
INFO [2025-01-21 13:02:08] 
INFO [2025-01-21 13:02:08] $imagetype
INFO [2025-01-21 13:02:08] [1] "png"
INFO [2025-01-21 13:02:08] 
INFO [2025-01-21 13:02:08] $height
INFO [2025-01-21 13:02:08] [1] 300
INFO [2025-01-21 13:02:08] 
INFO [2025-01-21 13:02:08] $width
INFO [2025-01-21 13:02:08] [1] 300
INFO [2025-01-21 13:02:08] 
INFO [2025-01-21 13:02:08] $resolution
INFO [2025-01-21 13:02:08] [1] 300
INFO [2025-01-21 13:02:08] 
INFO [2025-01-21 13:02:08] $lwd
INFO [2025-01-21 13:02:08] [1] 2
INFO [2025-01-21 13:02:08] 
INFO [2025-01-21 13:02:08] $col
INFO [2025-01-21 13:02:08] [1] "black"
INFO [2025-01-21 13:02:08] 
INFO [2025-01-21 13:02:08] $fill
INFO [2025-01-21 13:02:08] c("red", "blue")
INFO [2025-01-21 13:02:08] 
INFO [2025-01-21 13:02:08] $alpha
INFO [2025-01-21 13:02:08] [1] 0.5
INFO [2025-01-21 13:02:08] 
INFO [2025-01-21 13:02:08] $label.col
INFO [2025-01-21 13:02:08] [1] "white"
INFO [2025-01-21 13:02:08] 
INFO [2025-01-21 13:02:08] $cex
INFO [2025-01-21 13:02:08] [1] 1.5
INFO [2025-01-21 13:02:08] 
INFO [2025-01-21 13:02:08] $fontface
INFO [2025-01-21 13:02:08] [1] "bold"
INFO [2025-01-21 13:02:08] 
INFO [2025-01-21 13:02:08] $fontfamily
INFO [2025-01-21 13:02:08] [1] "sans"
INFO [2025-01-21 13:02:08] 
INFO [2025-01-21 13:02:08] $cat.col
INFO [2025-01-21 13:02:08] c("red", "blue")
INFO [2025-01-21 13:02:08] 
INFO [2025-01-21 13:02:08] $cat.cex
INFO [2025-01-21 13:02:08] [1] 1.5
INFO [2025-01-21 13:02:08] 
INFO [2025-01-21 13:02:08] $cat.fontface
INFO [2025-01-21 13:02:08] [1] "bold"
INFO [2025-01-21 13:02:08] 
INFO [2025-01-21 13:02:08] $cat.fontfamily
INFO [2025-01-21 13:02:08] [1] "sans"
INFO [2025-01-21 13:02:08] 
INFO [2025-01-21 13:02:08] $cat.pos
INFO [2025-01-21 13:02:08] [1] 0
INFO [2025-01-21 13:02:08] 
INFO [2025-01-21 13:02:08] $cat.dist
INFO [2025-01-21 13:02:08] [1] 0.05
INFO [2025-01-21 13:02:08] 
INFO [2025-01-21 13:02:08] $rotation.degree
INFO [2025-01-21 13:02:08] [1] 0
INFO [2025-01-21 13:02:08] 
INFO [2025-01-21 13:02:08] $margin
INFO [2025-01-21 13:02:08] [1] 0.1
INFO [2025-01-21 13:02:08] 
