INFO [2025-01-21 13:02:06] $x
INFO [2025-01-21 13:02:06] list(A = A, B = B)
INFO [2025-01-21 13:02:06] 
INFO [2025-01-21 13:02:06] $category.names
INFO [2025-01-21 13:02:06] c("A", "B")
INFO [2025-01-21 13:02:06] 
INFO [2025-01-21 13:02:06] $filename
INFO [2025-01-21 13:02:06] filename
INFO [2025-01-21 13:02:06] 
INFO [2025-01-21 13:02:06] $output
INFO [2025-01-21 13:02:06] [1] TRUE
INFO [2025-01-21 13:02:06] 
INFO [2025-01-21 13:02:06] $imagetype
INFO [2025-01-21 13:02:06] [1] "png"
INFO [2025-01-21 13:02:06] 
INFO [2025-01-21 13:02:06] $height
INFO [2025-01-21 13:02:06] [1] 300
INFO [2025-01-21 13:02:06] 
INFO [2025-01-21 13:02:06] $width
INFO [2025-01-21 13:02:06] [1] 300
INFO [2025-01-21 13:02:06] 
INFO [2025-01-21 13:02:06] $resolution
INFO [2025-01-21 13:02:06] [1] 300
INFO [2025-01-21 13:02:06] 
INFO [2025-01-21 13:02:06] $lwd
INFO [2025-01-21 13:02:06] [1] 2
INFO [2025-01-21 13:02:06] 
INFO [2025-01-21 13:02:06] $col
INFO [2025-01-21 13:02:06] [1] "black"
INFO [2025-01-21 13:02:06] 
INFO [2025-01-21 13:02:06] $fill
INFO [2025-01-21 13:02:06] c("red", "blue")
INFO [2025-01-21 13:02:06] 
INFO [2025-01-21 13:02:06] $alpha
INFO [2025-01-21 13:02:06] [1] 0.5
INFO [2025-01-21 13:02:06] 
INFO [2025-01-21 13:02:06] $label.col
INFO [2025-01-21 13:02:06] [1] "white"
INFO [2025-01-21 13:02:06] 
INFO [2025-01-21 13:02:06] $cex
INFO [2025-01-21 13:02:06] [1] 1.5
INFO [2025-01-21 13:02:06] 
INFO [2025-01-21 13:02:06] $fontface
INFO [2025-01-21 13:02:06] [1] "bold"
INFO [2025-01-21 13:02:06] 
INFO [2025-01-21 13:02:06] $fontfamily
INFO [2025-01-21 13:02:06] [1] "sans"
INFO [2025-01-21 13:02:06] 
INFO [2025-01-21 13:02:06] $cat.col
INFO [2025-01-21 13:02:06] c("red", "blue")
INFO [2025-01-21 13:02:06] 
INFO [2025-01-21 13:02:06] $cat.cex
INFO [2025-01-21 13:02:06] [1] 1.5
INFO [2025-01-21 13:02:06] 
INFO [2025-01-21 13:02:06] $cat.fontface
INFO [2025-01-21 13:02:06] [1] "bold"
INFO [2025-01-21 13:02:06] 
INFO [2025-01-21 13:02:06] $cat.fontfamily
INFO [2025-01-21 13:02:06] [1] "sans"
INFO [2025-01-21 13:02:06] 
INFO [2025-01-21 13:02:06] $cat.pos
INFO [2025-01-21 13:02:06] [1] 0
INFO [2025-01-21 13:02:06] 
INFO [2025-01-21 13:02:06] $cat.dist
INFO [2025-01-21 13:02:06] [1] 0.05
INFO [2025-01-21 13:02:06] 
INFO [2025-01-21 13:02:06] $rotation.degree
INFO [2025-01-21 13:02:06] [1] 0
INFO [2025-01-21 13:02:06] 
INFO [2025-01-21 13:02:06] $margin
INFO [2025-01-21 13:02:06] [1] 0.1
INFO [2025-01-21 13:02:06] 
