INFO [2025-01-21 13:02:09] $x
INFO [2025-01-21 13:02:09] list(A = A, B = B)
INFO [2025-01-21 13:02:09] 
INFO [2025-01-21 13:02:09] $category.names
INFO [2025-01-21 13:02:09] c("A", "B")
INFO [2025-01-21 13:02:09] 
INFO [2025-01-21 13:02:09] $filename
INFO [2025-01-21 13:02:09] filename
INFO [2025-01-21 13:02:09] 
INFO [2025-01-21 13:02:09] $output
INFO [2025-01-21 13:02:09] [1] TRUE
INFO [2025-01-21 13:02:09] 
INFO [2025-01-21 13:02:09] $imagetype
INFO [2025-01-21 13:02:09] [1] "png"
INFO [2025-01-21 13:02:09] 
INFO [2025-01-21 13:02:09] $height
INFO [2025-01-21 13:02:09] [1] 300
INFO [2025-01-21 13:02:09] 
INFO [2025-01-21 13:02:09] $width
INFO [2025-01-21 13:02:09] [1] 300
INFO [2025-01-21 13:02:09] 
INFO [2025-01-21 13:02:09] $resolution
INFO [2025-01-21 13:02:09] [1] 300
INFO [2025-01-21 13:02:09] 
INFO [2025-01-21 13:02:09] $lwd
INFO [2025-01-21 13:02:09] [1] 2
INFO [2025-01-21 13:02:09] 
INFO [2025-01-21 13:02:09] $col
INFO [2025-01-21 13:02:09] [1] "black"
INFO [2025-01-21 13:02:09] 
INFO [2025-01-21 13:02:09] $fill
INFO [2025-01-21 13:02:09] c("red", "blue")
INFO [2025-01-21 13:02:09] 
INFO [2025-01-21 13:02:09] $alpha
INFO [2025-01-21 13:02:09] [1] 0.5
INFO [2025-01-21 13:02:09] 
INFO [2025-01-21 13:02:09] $label.col
INFO [2025-01-21 13:02:09] [1] "white"
INFO [2025-01-21 13:02:09] 
INFO [2025-01-21 13:02:09] $cex
INFO [2025-01-21 13:02:09] [1] 1.5
INFO [2025-01-21 13:02:09] 
INFO [2025-01-21 13:02:09] $fontface
INFO [2025-01-21 13:02:09] [1] "bold"
INFO [2025-01-21 13:02:09] 
INFO [2025-01-21 13:02:09] $fontfamily
INFO [2025-01-21 13:02:09] [1] "sans"
INFO [2025-01-21 13:02:09] 
INFO [2025-01-21 13:02:09] $cat.col
INFO [2025-01-21 13:02:09] c("red", "blue")
INFO [2025-01-21 13:02:09] 
INFO [2025-01-21 13:02:09] $cat.cex
INFO [2025-01-21 13:02:09] [1] 1.5
INFO [2025-01-21 13:02:09] 
INFO [2025-01-21 13:02:09] $cat.fontface
INFO [2025-01-21 13:02:09] [1] "bold"
INFO [2025-01-21 13:02:09] 
INFO [2025-01-21 13:02:09] $cat.fontfamily
INFO [2025-01-21 13:02:09] [1] "sans"
INFO [2025-01-21 13:02:09] 
INFO [2025-01-21 13:02:09] $cat.pos
INFO [2025-01-21 13:02:09] [1] 0
INFO [2025-01-21 13:02:09] 
INFO [2025-01-21 13:02:09] $cat.dist
INFO [2025-01-21 13:02:09] [1] 0.05
INFO [2025-01-21 13:02:09] 
INFO [2025-01-21 13:02:09] $rotation.degree
INFO [2025-01-21 13:02:09] [1] 0
INFO [2025-01-21 13:02:09] 
INFO [2025-01-21 13:02:09] $margin
INFO [2025-01-21 13:02:09] [1] 0.1
INFO [2025-01-21 13:02:09] 
