INFO [2025-01-21 13:02:05] $x
INFO [2025-01-21 13:02:05] list(A = A, B = B)
INFO [2025-01-21 13:02:05] 
INFO [2025-01-21 13:02:05] $category.names
INFO [2025-01-21 13:02:05] c("A", "B")
INFO [2025-01-21 13:02:05] 
INFO [2025-01-21 13:02:05] $filename
INFO [2025-01-21 13:02:05] filename
INFO [2025-01-21 13:02:05] 
INFO [2025-01-21 13:02:05] $output
INFO [2025-01-21 13:02:05] [1] TRUE
INFO [2025-01-21 13:02:05] 
INFO [2025-01-21 13:02:05] $imagetype
INFO [2025-01-21 13:02:05] [1] "png"
INFO [2025-01-21 13:02:05] 
INFO [2025-01-21 13:02:05] $height
INFO [2025-01-21 13:02:05] [1] 300
INFO [2025-01-21 13:02:05] 
INFO [2025-01-21 13:02:05] $width
INFO [2025-01-21 13:02:05] [1] 300
INFO [2025-01-21 13:02:05] 
INFO [2025-01-21 13:02:05] $resolution
INFO [2025-01-21 13:02:05] [1] 300
INFO [2025-01-21 13:02:05] 
INFO [2025-01-21 13:02:05] $lwd
INFO [2025-01-21 13:02:05] [1] 2
INFO [2025-01-21 13:02:05] 
INFO [2025-01-21 13:02:05] $col
INFO [2025-01-21 13:02:05] [1] "black"
INFO [2025-01-21 13:02:05] 
INFO [2025-01-21 13:02:05] $fill
INFO [2025-01-21 13:02:05] c("red", "blue")
INFO [2025-01-21 13:02:05] 
INFO [2025-01-21 13:02:05] $alpha
INFO [2025-01-21 13:02:05] [1] 0.5
INFO [2025-01-21 13:02:05] 
INFO [2025-01-21 13:02:05] $label.col
INFO [2025-01-21 13:02:05] [1] "white"
INFO [2025-01-21 13:02:05] 
INFO [2025-01-21 13:02:05] $cex
INFO [2025-01-21 13:02:05] [1] 1.5
INFO [2025-01-21 13:02:05] 
INFO [2025-01-21 13:02:05] $fontface
INFO [2025-01-21 13:02:05] [1] "bold"
INFO [2025-01-21 13:02:05] 
INFO [2025-01-21 13:02:05] $fontfamily
INFO [2025-01-21 13:02:05] [1] "sans"
INFO [2025-01-21 13:02:05] 
INFO [2025-01-21 13:02:05] $cat.col
INFO [2025-01-21 13:02:05] c("red", "blue")
INFO [2025-01-21 13:02:05] 
INFO [2025-01-21 13:02:05] $cat.cex
INFO [2025-01-21 13:02:05] [1] 1.5
INFO [2025-01-21 13:02:05] 
INFO [2025-01-21 13:02:05] $cat.fontface
INFO [2025-01-21 13:02:05] [1] "bold"
INFO [2025-01-21 13:02:05] 
INFO [2025-01-21 13:02:05] $cat.fontfamily
INFO [2025-01-21 13:02:05] [1] "sans"
INFO [2025-01-21 13:02:05] 
INFO [2025-01-21 13:02:05] $cat.pos
INFO [2025-01-21 13:02:05] [1] 0
INFO [2025-01-21 13:02:05] 
INFO [2025-01-21 13:02:05] $cat.dist
INFO [2025-01-21 13:02:05] [1] 0.05
INFO [2025-01-21 13:02:05] 
INFO [2025-01-21 13:02:05] $rotation.degree
INFO [2025-01-21 13:02:05] [1] 0
INFO [2025-01-21 13:02:05] 
INFO [2025-01-21 13:02:05] $margin
INFO [2025-01-21 13:02:05] [1] 0.1
INFO [2025-01-21 13:02:05] 
